<?xml version="1.0" encoding="UTF-8"?>
<!-- Generated by org.testng.reporters.JUnitReportReporter -->
<testsuite hostname="DESKTOP-5A74DQH" failures="0" tests="1" name="naveenAutomation.pages.AccountCreatedTest" time="8.582" errors="0" timestamp="2023-01-27T12:52:25 PST" skipped="0">
  <testcase classname="naveenAutomation.pages.AccountCreatedTest" name="VerifyUserIsAbleToSignUpSuccessFully" time="8.582"/>
  <system-out/>
</testsuite> <!-- naveenAutomation.pages.AccountCreatedTest -->
