<?xml version="1.0" encoding="UTF-8"?>
<!-- Generated by org.testng.reporters.JUnitReportReporter -->
<testsuite hostname="DESKTOP-5A74DQH" failures="0" tests="8" name="naveenAutomation.Tests.AccountLogInTest" time="86.116" errors="0" timestamp="2023-01-12T02:22:56 PST" skipped="0">
  <testcase classname="naveenAutomation.Tests.AccountLogInTest" name="verifyUserAbleToChangePhnNumber" time="7.044"/>
  <system-out/>
  <testcase classname="naveenAutomation.Tests.AccountLogInTest" name="verifyAccountInfoOfUsers" time="6.580"/>
  <system-out/>
  <testcase classname="naveenAutomation.Tests.AccountLogInTest" name="verifyAccountInfoOfUsers" time="7.315"/>
  <system-out/>
  <testcase classname="naveenAutomation.Tests.AccountLogInTest" name="verifyClickOnAllLaptopsAndNotebook" time="6.247"/>
  <system-out/>
  <testcase classname="naveenAutomation.Tests.AccountLogInTest" name="verifyAccountInfoOfUsers" time="22.693"/>
  <system-out/>
  <testcase classname="naveenAutomation.Tests.AccountLogInTest" name="verifyUserAbleToSubscribe" time="6.689"/>
  <system-out/>
  <testcase classname="naveenAutomation.Tests.AccountLogInTest" name="verifyAccountInfoOfUsers" time="6.663"/>
  <system-out/>
  <testcase classname="naveenAutomation.Tests.AccountLogInTest" name="verifyAccountInfoOfUsers" time="22.885"/>
  <system-out/>
</testsuite> <!-- naveenAutomation.Tests.AccountLogInTest -->
