<?xml version="1.0" encoding="UTF-8"?>
<!-- Generated by org.testng.reporters.JUnitReportReporter -->
<testsuite hostname="DESKTOP-5A74DQH" failures="0" tests="8" name="naveenAutomation.Tests.MyAccountTest" time="70.233" errors="0" timestamp="2023-01-12T02:15:00 PST" skipped="0">
  <testcase classname="naveenAutomation.Tests.MyAccountTest" name="verifyUserAbleToSubscribe" time="22.061"/>
  <system-out/>
  <testcase classname="naveenAutomation.Tests.MyAccountTest" name="verifyClickOnAllLaptopsAndNotebook" time="6.893"/>
  <system-out/>
  <testcase classname="naveenAutomation.Tests.MyAccountTest" name="verifyAccountInfoOfFiveUsers" time="8.122"/>
  <system-out/>
  <testcase classname="naveenAutomation.Tests.MyAccountTest" name="verifyAccountInfoOfFiveUsers" time="5.887"/>
  <system-out/>
  <testcase classname="naveenAutomation.Tests.MyAccountTest" name="verifyAccountInfoOfFiveUsers" time="6.809"/>
  <system-out/>
  <testcase classname="naveenAutomation.Tests.MyAccountTest" name="verifyAccountInfoOfFiveUsers" time="5.874"/>
  <system-out/>
  <testcase classname="naveenAutomation.Tests.MyAccountTest" name="verifyUserAbleToChangePhnNumber" time="7.990"/>
  <system-out/>
  <testcase classname="naveenAutomation.Tests.MyAccountTest" name="verifyAccountInfoOfFiveUsers" time="6.597"/>
  <system-out/>
</testsuite> <!-- naveenAutomation.Tests.MyAccountTest -->
