<?xml version="1.0" encoding="UTF-8"?>
<!-- Generated by org.testng.reporters.JUnitReportReporter -->
<testsuite hostname="DESKTOP-5A74DQH" failures="0" tests="1" name="naveenAutomation.Tests.AccountLoginTest" time="0.000" errors="0" timestamp="2023-01-27T12:56:08 PST" skipped="1">
  <testcase classname="naveenAutomation.Tests.AccountLoginTest" name="verifyAlertBannerForInvalidLoginCredentials" time="0.000">
    <skipped/>
  </testcase> <!-- verifyAlertBannerForInvalidLoginCredentials -->
  <system-out/>
</testsuite> <!-- naveenAutomation.Tests.AccountLoginTest -->
